0:100  0:100  MemLog inited, TSC freq: 2494340244
0:100  0:000  LegacyRegion2: Chipset/proc: 0x01048086
0:100  0:000   Next Generation Core processors (PAM 0x80-0x86)
0:100  0:000   Test PAM1=(0x41=90, 0x5a=00, 0x81=11, 0x91=00) at chipset 01048086
0:100  0:000  , Install = Success
0:114  0:013  BiosVideoDriverBindingStart!
0:114  0:000  BiosVideoCheckForVbe
0:114  0:000  EdidOverride not found
0:126  0:012   Edid1+
0:126  0:000   found Detail Timing 1366x768
0:126  0:000   found Detail Timing 1366x768
0:126  0:000  timing string after 0xFE:KJ262€140WH4

0:138  0:012   Edid0+
0:138  0:000   found Detail Timing 1366x768
0:138  0:000  ... already present
0:138  0:000   found Detail Timing 1366x768
0:138  0:000  ... already present
0:138  0:000  timing string after 0xFE:KJ262€140WH4

0:138  0:000     0 1366x768 attr=9B - ok, edid+, working, highest, pref=0
0:139  0:000     1 1024x768 attr=9B - ok, edid-, 1024x768, working
0:139  0:000     2 640x480 attr=9B - ok, edid-, 640x480, working
0:139  0:000     3 800x600 attr=9B - ok, edid-, 800x600, working
0:139  0:000  BV new mode: 0 1366x768
0:269  0:130   SetMode pref 0 (0) = Success
1:744  1:474  
1:744  0:000  Now is 3.12.2017,  16:19:58 (GMT)
1:744  0:000  Starting Clover revision: 4297 on CLOVER EFI
1:744  0:000  Build with: [Args: -D NO_GRUB_DRIVERS_EMBEDDED -t XCODE5 | -D NO_GRUB_DRIVERS_EMBEDDED -D USE_LOW_EBDA -a X64 -b RELEASE -t XCODE5 -n 5 | OS: 10.12.6 | XCODE: 9.1]
1:744  0:000  SelfDevicePath=PcieRoot(0x0)\Pci(0x1F,0x2)\Sata(0x0,0x0,0x0)\HD(1,GPT,AD8AB486-7C7A-4BAE-8A9F-D5978A4246FA,0x28,0x64000) @1F4AC198
1:745  0:000  SelfDirPath = \EFI\CLOVER
1:746  0:001  === [ Get Smbios ] ========================================
1:746  0:000  Type 16 Index = 0
1:746  0:000  Total Memory Slots Count = 2
1:746  0:000  Type 17 Index = 0
1:746  0:000  SmbiosTable.Type17->Speed = 1600MHz
1:746  0:000  SmbiosTable.Type17->Size = 4096MB
1:746  0:000  SmbiosTable.Type17->Bank/Device = BANK 0 ChannelA-DIMM0
1:746  0:000  SmbiosTable.Type17->Vendor = Hynix/Hyundai
1:746  0:000  SmbiosTable.Type17->SerialNumber = 125377CC
1:746  0:000  SmbiosTable.Type17->PartNumber = HMT351S6EFR8A-PB  
1:746  0:000  Type 17 Index = 1
1:746  0:000  SmbiosTable.Type17->Speed = 1600MHz
1:746  0:000  SmbiosTable.Type17->Size = 4096MB
1:746  0:000  SmbiosTable.Type17->Bank/Device = BANK 2 ChannelB-DIMM0
1:746  0:000  SmbiosTable.Type17->Vendor = Samsung
1:746  0:000  SmbiosTable.Type17->SerialNumber = 15A0A02E
1:746  0:000  SmbiosTable.Type17->PartNumber = M471B5173DB0-YK0  
1:746  0:000  Boot status=0
1:746  0:000  Running on: 'Latitude E6420' with board '0K0DNP'
1:746  0:000  === [ GetCPUProperties ] ==================================
1:746  0:000  CPU Vendor = 756E6547 Model=206A7
1:746  0:000   The CPU supported SSE4.1
1:746  0:000  BrandString = Intel(R) Core(TM) i5-2520M CPU @ 2.50GHz
1:746  0:000   The CPU supported turbo
1:746  0:000  MSR 0x35               20004
1:746  0:000  MSR 0xE2 before patch 1E008404
1:746  0:000  MSR 0xE2 is locked, PM patches will be turned on
1:746  0:000  MSR 0xCE              00000800_60011900
1:746  0:000  MSR 0x1A0             00850089
1:746  0:000  corrected FLEX_RATIO = 0
1:746  0:000  MSR 0x1B0             00000000
1:746  0:000  FSBFrequency = 100 MHz, DMI FSBFrequency = 100 MHz, Corrected FSBFrequency = 100 MHz
1:746  0:000  MaxDiv/MinDiv: 25.0/8
1:746  0:000  Turbo: 30/30/30/32
1:746  0:000  Features: 0xBFEBFBFF
1:746  0:000  Threads: 4
1:746  0:000  Cores: 2
1:746  0:000  FSB: 100 MHz
1:746  0:000  CPU: 2500 MHz
1:746  0:000  TSC: 2500 MHz
1:746  0:000  PIS: 100 MHz
1:746  0:000  ExternalClock: 25 MHz
1:746  0:000  === [ GetDevices ] ========================================
1:746  0:000  PCI (00|00:00.00) : 8086 0104 class=060000
1:746  0:000  PCI (00|00:02.00) : 8086 0126 class=030000
1:746  0:000   - GFX: Model=Intel HD Graphics 3000 (Intel)
1:746  0:000  PCI (00|00:16.00) : 8086 1C3A class=078000
1:746  0:000  PCI (00|00:19.00) : 8086 1502 class=020000
1:746  0:000   - LAN: 0 Vendor=Intel
1:746  0:000  PCI (00|00:1A.00) : 8086 1C2D class=0C0320
1:746  0:000  PCI (00|00:1B.00) : 8086 1C20 class=040300
1:746  0:000  PCI (00|00:1C.00) : 8086 1C10 class=060400
1:746  0:000  PCI (00|01:00.00) : 14E4 4312 class=028000
1:746  0:000   - WIFI: Vendor=Broadcom
1:746  0:000  PCI (00|00:1C.01) : 8086 1C12 class=060400
1:746  0:000  PCI (00|02:00.00) : 14E4 4353 class=028000
1:746  0:000   - WIFI: Vendor=Broadcom
1:746  0:000  PCI (00|00:1C.02) : 8086 1C14 class=060400
1:746  0:000  PCI (00|00:1C.03) : 8086 1C16 class=060400
1:746  0:000  PCI (00|00:1C.05) : 8086 1C1A class=060400
1:748  0:001  PCI (00|0A:00.00) : 1217 8221 class=080501
1:748  0:000  PCI (00|0A:00.01) : 1217 8231 class=018000
1:748  0:000  PCI (00|00:1D.00) : 8086 1C26 class=0C0320
1:748  0:000  PCI (00|00:1F.00) : 8086 1C4F class=060100
1:748  0:000  PCI (00|00:1F.02) : 8086 1C03 class=010601
1:748  0:000  PCI (00|00:1F.03) : 8086 1C22 class=0C0500
1:748  0:000  === [ GetDefaultSettings ] ================================
1:748  0:000  Clover load options size = 0 bytes
1:752  0:003  EFI\CLOVER\config.plist loaded: Success
1:752  0:000  ---dump hibernations data---
1:752  0:000    Firmware wake address=00000000
1:752  0:000    Firmware wake 64 addr=               0
1:752  0:000    Hardware signature   =00000000
1:752  0:000    GlobalLock           =00000000
1:752  0:000    Flags                =00000000
1:752  0:000  === [ GetListOfThemes ] ===================================
1:752  0:000  - [00]: BGM
1:758  0:005  - [01]: christmas
1:759  0:000  - [02]: embedded
1:759  0:000  - [02]: metal
1:762  0:002  - [03]: newyear
1:763  0:001  - [04]: random
1:763  0:000  === [ Found config plists ] ===============================
1:763  0:000  - config.plist
1:764  0:001  === [ GetEarlyUserSettings ] ==============================
1:764  0:000  timeout set to 5
1:764  0:000  Custom boot CUSTOM_BOOT_DISABLED (0x0)
1:764  0:000  KextsToPatch: 6 requested
1:764  0:000   - [00]: IOAHCIBlockStorage (Enable TRIM for SSD) :: BinPatch :: data len: 11
1:764  0:000   - [01]: AppleHDA (AppleHDA IDT #3) :: BinPatch :: data len: 4
1:764  0:000   - [02]: AppleIntelSNBGraphicsFB (10.10-SNB-Port _0x5-DP2HDMI) :: BinPatch :: data len: 12
1:764  0:000   - [03]: IOGraphicsFamily (Boot Graphics Glitch - 10.11) :: BinPatch :: data len: 5
1:764  0:000   - [04]: AppleHDA (AppleHDA IDT #2) :: BinPatch :: data len: 4
1:764  0:000   - [05]: AppleHDA (AppleHDA IDT #1) :: BinPatch :: data len: 4
1:764  0:000  Default theme: applestyle
1:764  0:000  === [ LoadDrivers ] =======================================
1:765  0:001  Loading AppleImageCodec-64.efi  status=Success
1:766  0:000  Loading AppleKeyAggregator-64.efi  status=Success
1:766  0:000  Loading AppleUITheme-64.efi  status=Success
1:766  0:000  Loading FirmwareVolume-64.efi  status=Success
1:766  0:000  Loading FSInject-64.efi  status=Success
1:766  0:000  Loading GrubEXFAT-64.efi  status=Success
1:767  0:000   - driver needs connecting
1:767  0:000  Loading GrubISO9660-64.efi  status=Success
1:767  0:000   - driver needs connecting
1:767  0:000  Loading GrubNTFS-64.efi  status=Success
1:767  0:000   - driver needs connecting
1:767  0:000  Loading GrubUDF-64.efi  status=Success
1:768  0:000   - driver needs connecting
1:768  0:000  Loading HashServiceFix-64.efi  status=Success
1:768  0:000  Loading NvmExpressDxe-64.efi  status=Success
1:768  0:000   - driver needs connecting
1:768  0:000  Loading Ps2MouseDxe-64.efi  status=Success
1:768  0:000   - driver needs connecting
1:768  0:000  Loading SMCHelper-64.efi  status=Success
1:768  0:000  Loading UsbKbDxe-64.efi  status=Success
1:769  0:000   - driver needs connecting
1:769  0:000  Loading UsbMouseDxe-64.efi  status=Success
1:769  0:000   - driver needs connecting
1:769  0:000  Loading VBoxExt2-64.efi  status=Success
1:769  0:000   - driver needs connecting
1:769  0:000  Loading VBoxExt4-64.efi  status=Success
1:769  0:000   - driver needs connecting
1:769  0:000  Loading VBoxIso9600-64.efi  status=Success
1:769  0:000   - driver needs connecting
1:769  0:000  Loading XhciDxe-64.efi  status=Success
1:769  0:000   - driver needs connecting
1:769  0:000  12 drivers needs connecting ...
1:769  0:000  PlatformDriverOverrideProtocol->GetDriver overriden
1:902  0:132  === [ InitScreen ] ========================================
1:902  0:000  Console modes reported: 4, available modes:
1:902  0:000   - [01]: 80x25
1:902  0:000   - [03]: 100x31
1:902  0:000   - [04]: 170x40 (current mode)
1:902  0:000  SetScreenResolution: 1366x768 - already set
1:902  0:000  reinit: self device path=PcieRoot(0x0)\Pci(0x1F,0x2)\Sata(0x0,0x0,0x0)\HD(1,GPT,AD8AB486-7C7A-4BAE-8A9F-D5978A4246FA,0x28,0x64000)
1:902  0:000  Using embedded font: Success
1:904  0:001  === [ GetMacAddress ] =====================================
1:904  0:000  === [ ScanSPD ] ===========================================
1:906  0:002  SMBus device : 8086 1C22 class=0C0500 status=Success
1:906  0:000  SMBus CmdReg: 0x3
1:906  0:000  Scanning SMBus [8086:1C22], mmio: 0xE2F30004, ioport: 0x4040, hostc: 0x1
1:906  0:000  Slots to scan [8]...
1:906  0:000  SPD[0]: Type 11 @0x50
1:927  0:020  DDR speed 1600MHz
1:927  0:000  Slot: 0 Type 24 4096MB 1600MHz Vendor=SK Hynix PartNo=HMT351S6EFR8A-PBN0 SerialNo=0102050307070C0C
1:927  0:000  SPD[2]: Type 11 @0x52
1:948  0:020  DDR speed 1600MHz
1:948  0:000  Slot: 2 Type 24 4096MB 1600MHz Vendor=Samsung PartNo=M471B5173DB0-YK0 SerialNo=01050A000A00020E
1:948  0:000  === [ GetAcpiTablesList ] =================================
1:948  0:000  Get Acpi Tables List from RSDT:
1:948  0:000   - [00]: FACP  CBX3    len=132
1:948  0:000   - [01]: APIC  CBX3    len=204
1:948  0:000   - [02]: ASF!   HCG len=165
1:948  0:000   - [03]: TCPA   len=50
1:948  0:000   - [04]: SSDT  TPM len=761
1:948  0:000   - [05]: MCFG  SNDYBRDG len=60
1:948  0:000   - [06]: HPET   PCHHPET len=56
1:948  0:000   - [07]: BOOT  CBX3     len=40
1:948  0:000   - [08]: SSDT  Cpu0Ist len=2052
1:948  0:000   - [09]: SSDT  CpuPm len=2454
1:948  0:000   - [10]: DMAR  SNB  len=232
1:948  0:000   - [11]: SLIC  CBX3    len=374
1:948  0:000  Calibrated TSC Frequency = 2494340244 = 2494MHz
1:949  0:000  === [ GetUserSettings ] ===================================
1:949  0:000  USB FixOwnership: yes
1:949  0:000  Dropping 3 tables:
1:949  0:000   - [00]: Drop table  signature="DMAR" (52414D44)
1:949  0:000           - set table: 52414D44,                0 to drop: yes
1:949  0:000   - [01]: Drop table  signature="SSDT" (54445353) table-id="Cpu0Ist" (0074734930757043)
1:949  0:000           - set table: 54445353,   74734930757043 to drop: yes
1:949  0:000   - [02]: Drop table  signature="SSDT" (54445353) table-id="CpuPm" (0000006D50757043)
1:949  0:000           - set table: 54445353,       6D50757043 to drop: yes
1:949  0:000   - final DSDT Fix mask=00000000
1:949  0:000  PatchesDSDT: 2 requested
1:949  0:000   - [00]: (EHC2 to EH02) lenToFind: 4, lenToReplace: 4
1:949  0:000   - [01]: (EHC1 to EH01) lenToFind: 4, lenToReplace: 4
1:949  0:000  Using ProductName from config
1:949  0:000  ProductName: MacBookPro8,2
1:949  0:000  Using latest BiosVersion from clover
1:949  0:000  BiosVersion: MBP81.88Z.004D.B00.1708080655
1:949  0:000  BiosReleaseDate: 08/08/17
1:949  0:000  Using FirmwareFeatures from clover
1:949  0:000  FirmwareFeatures: 0xC00DE137
1:949  0:000  Using FirmwareFeaturesMask from clover
1:949  0:000  FirmwareFeaturesMask: 0xFF1FFF3F
1:949  0:000  PlatformFeature will not set in SMBIOS
1:949  0:000  PlatformFeature: 0xFFFF
1:949  0:000  Board-ID set from config as Mac-94245A3940C91C80
1:949  0:000  BoardType: 0xA
1:949  0:000  ChassisType: 0x8
2:049  0:100  === [ ScanVolumes ] =======================================
2:049  0:000  Found 6 volumes with blockIO
2:049  0:000  - [00]: Volume: PcieRoot(0x0)\Pci(0x1F,0x2)\Sata(0x0,0x0,0x0)
2:049  0:000          Result of bootcode detection: bootable unknown (legacy)
2:049  0:000  - [01]: Volume: PcieRoot(0x0)\Pci(0x1F,0x2)\Sata(0x1,0x0,0x0)
2:049  0:000          Found optical drive
2:049  0:000  - [02]: Volume: PcieRoot(0x0)\Pci(0x1F,0x2)\Sata(0x0,0x0,0x0)\HD(1,GPT,AD8AB486-7C7A-4BAE-8A9F-D5978A4246FA,0x28,0x64000)
2:051  0:001          Result of bootcode detection: bootable unknown (legacy)
2:052  0:000          This is SelfVolume !!
2:052  0:000  - [03]: Volume: PcieRoot(0x0)\Pci(0x1F,0x2)\Sata(0x0,0x0,0x0)\HD(2,GPT,C88D6654-6C37-4D91-B01B-1A6E49ABC0A0,0x64028,0xDF41FD8)
2:052  0:000          Result of bootcode detection: bootable Windows (vista,win)
2:054  0:001  - [04]: Volume: PcieRoot(0x0)\Pci(0x1F,0x2)\Sata(0x0,0x0,0x0)\HD(3,GPT,074B2952-3D87-452A-96AF-BBC8ABE50E83,0xDFE6000,0xDDCC0B8)
2:054  0:000  - [05]: Volume: PcieRoot(0x0)\Pci(0x1F,0x2)\Sata(0x0,0x0,0x0)\HD(4,GPT,EB1C48F8-7882-42E5-9187-592A91CEADF7,0x1BDF20B8,0x135F20)
2:064  0:009  Loading nvram.plist from Vol 'EFI' - loaded, size=3507
2:072  0:008  === [ PutNvramPlistToRtVars ] =============================
2:072  0:000   Adding Key: EFILoginHiDPI: Size = 4, Data: 00 00 00 00 
2:072  0:000   Adding Key: LocationServicesEnabled: Size = 1, Data: 01 
2:072  0:000   Adding Key: SystemAudioVolume: Size = 1, Data: 40 
2:072  0:000   Adding Key: SystemAudioVolumeDB: Size = 1, Data: 00 
2:072  0:000   Adding Key: backlight-level: Size = 2, Data: 10 07 
2:072  0:000   Adding Key: bluetoothActiveControllerInfo: Size = 16, Data: 87 81 3C 41 00 00 00 00 14 1A 74 DE 2B 99 FE EF 
2:072  0:000   Adding Key: bootercfg: Size = 2, Data: 28 00 
2:072  0:000   Adding Key: csr-active-config: Size = 4, Data: 67 00 00 00 
2:072  0:000   Adding Key: efi-boot-device: Size = 216, Data: 3C 61 72 72 61 79 3E 3C 64 69 63 74 3E 3C 6B 65 79 3E 49 4F 4D 61 74 63 68 3C 2F 6B 65 79 3E 3C 64 69 63 74 3E 3C 6B 65 79 3E 49 4F 50 72 6F 76 69 64 65 72 43 6C 61 73 73 3C 2F 6B 65 79 3E 3C 73 74 72 69 6E 67 3E 49 4F 4D 65 64 69 61 3C 2F 73 74 72 69 6E 67 3E 3C 6B 65 79 3E 49 4F 50 72 6F 70 65 72 74 79 4D 61 74 63 68 3C 2F 6B 65 79 3E 3C 64 69 63 74 3E 3C 6B 65 79 3E 55 55 49 44 3C 2F 6B 65 79 3E 3C 73 74 72 69 6E 67 3E 30 37 34 42 32 39 35 32 2D 33 44 38 37 2D 34 35 32 41 2D 39 36 41 46 2D 42 42 43 38 41 42 45 35 30 45 38 33 3C 2F 73 74 72 69 6E 67 3E 3C 2F 64 69 63 74 3E 3C 2F 64 69 63 74 3E 3C 2F 64 69 63 74 3E 3C 2F 61 72 72 61 79 3E 
2:072  0:000   Adding Key: efi-boot-device-data: Size = 74, Data: 02 01 0C 00 D0 41 08 0A 00 00 00 00 01 01 06 00 02 1F 03 12 0A 00 00 00 00 00 00 00 04 01 2A 00 03 00 00 00 00 60 FE 0D 00 00 00 00 B8 C0 DC 0D 00 00 00 00 52 29 4B 07 87 3D 2A 45 96 AF BB C8 AB E5 0E 83 02 02 7F FF 04 00 
2:072  0:000   Adding Key: fakesmc-key-#KEY-ui32: Size = 4, Data: 00 00 00 11 
2:072  0:000   Adding Key: fakesmc-key-$Adr-ui32: Size = 4, Data: 00 00 03 00 
2:072  0:000   Adding Key: fakesmc-key-$Num-ui8: Size = 1, Data: 01 
2:072  0:000   Adding Key: fakesmc-key-BATP-flag: Size = 1, Data: 00 
2:072  0:000   Adding Key: fakesmc-key-BBIN-ui8: Size = 1, Data: 01 
2:072  0:000   Adding Key: fakesmc-key-BEMB-flag: Size = 1, Data: 01 
2:072  0:000   Adding Key: fakesmc-key-BNum-ui8: Size = 1, Data: 01 
2:072  0:000   Adding Key: fakesmc-key-EPCI-ui32: Size = 4, Data: 05 B0 07 00 
2:072  0:000   Adding Key: fakesmc-key-MSAc-ui16: Size = 2, Data: 00 00 
2:072  0:000   Adding Key: fakesmc-key-MSFW-ui8: Size = 2, Data: 01 00 
2:072  0:000   Adding Key: fakesmc-key-MSPS-ui16: Size = 2, Data: 00 03 
2:072  0:000   Adding Key: fakesmc-key-MSTc-ui8: Size = 1, Data: 00 
2:072  0:000   Adding Key: fakesmc-key-MSWr-ui8: Size = 1, Data: 00 
2:072  0:000   Adding Key: fakesmc-key-RBr -ch8*: Size = 8, Data: 74 72 75 6E 6B 00 00 00 
2:072  0:000   Adding Key: fakesmc-key-REV -ch8*: Size = 6, Data: 01 69 0F 00 00 04 
2:072  0:000   Adding Key: fakesmc-key-RMde-char: Size = 1, Data: 41 
2:072  0:000   Adding Key: fakesmc-key-RPlt-ch8*: Size = 8, Data: 6B 39 31 66 00 00 00 00 
2:073  0:000   Adding Key: flagstate: Size = 32, Data: 00 00 00 00 00 00 00 00 00 00 00 00 00 00 00 00 00 00 00 00 00 00 00 00 00 00 00 00 00 00 00 00 
2:073  0:000   Adding Key: fmm-computer-name: Size = 20, Data: 44 6F 75 67 E2 80 99 73 20 4D 61 63 42 6F 6F 6B 20 50 72 6F 
2:073  0:000   Adding Key: fmm-mobileme-token-FMM: Size = 762, Data: 62 70 6C 69 73 74 30 30 D9 01 02 03 04 05 06 07 08 09 0A 0B 16 17 18 19 1A 1B 1C 56 75 73 65 72 69 64 5F 10 13 64 61 74 61 63 6C 61 73 73 50 72 6F 70 65 72 74 69 65 73 59 61 75 74 68 54 6F 6B 65 6E 58 70 65 72 73 6F 6E 49 44 58 75 73 65 72 6E 61 6D 65 57 61 64 64 54 69 6D 65 5F 10 12 65 6E 61 62 6C 65 64 44 61 74 61 63 6C 61 73 73 65 73 54 67 75 69 64 58 75 73 65 72 49 6E 66 6F 11 01 F6 D1 0C 0D 5F 10 21 63 6F 6D 2E 61 70 70 6C 65 2E 44 61 74 61 63 6C 61 73 73 2E 44 65 76 69 63 65 4C 6F 63 61 74 6F 72 D4 0E 0F 10 11 12 13 14 15 56 61 70 73 45 6E 76 58 68 6F 73 74 6E 61 6D 65 5D 61 75 74 68 4D 65 63 68 61 6E 69 73 6D 56 73 63 68 65 6D 65 5A 50 72 6F 64 75 63 74 69 6F 6E 5F 10 13 70 32 37 2D 66 6D 69 70 2E 69 63 6C 6F 75 64 2E 63 6F 6D 55 74 6F 6B 65 6E 55 68 74 74 70 73 5F 10 CC 49 41 41 41 41 41 41 41 42 4C 77 49 41 41 41 41 41 46 6F 61 65 33 6F 52 44 6D 64 7A 4C 6D 6C 6A 62 47 39 31 5A 43 35 68 64 58 52 6F 76 51 42 58 54 42 35 61 38 4F 50 78 77 64 52 46 4C 36 48 48 49 61 37 69 39 7A 63 67 59 49 62 35 32 68 53 47 65 64 4A 2D 53 32 61 6F 31 57 61 6B 31 6D 64 67 79 75 49 5F 64 4D 56 5A 6C 6B 33 70 6E 54 34 5F 4B 4E 6A 37 64 6E 62 31 53 6F 62 65 51 4D 41 39 62 50 4B 72 4A 38 78 31 4F 6E 68 6A 6E 54 6E 67 69 45 50 47 44 5A 62 2D 4A 63 62 72 4F 6D 31 70 6C 31 49 6E 41 78 53 50 63 4E 4B 33 63 6D 6C 64 53 78 4D 75 61 78 41 35 4C 57 34 4F 6C 54 43 57 32 30 54 4B 6D 4F 6A 5A 6E 51 7E 7E 5A 31 33 31 34 36 30 30 36 36 35 5F 10 15 6B 72 61 7A 7A 79 6D 61 6E 37 39 40 67 6D 61 69 6C 2E 63 6F 6D 23 41 D6 86 9E E2 60 90 BC A1 0C 5F 10 24 45 33 34 45 41 34 43 34 2D 39 44 34 46 2D 34 41 30 31 2D 39 39 37 37 2D 41 32 45 36 31 43 46 46 44 34 37 38 D3 1D 1E 1F 20 21 22 5F 10 15 49 6E 55 73 65 4F 77 6E 65 72 44 69 73 70 6C 61 79 4E 61 6D 65 5F 10 13 49 6E 55 73 65 4F 77 6E 65 72 46 69 72 73 74 4E 61 6D 65 5F 10 12 49 6E 55 73 65 4F 77 6E 65 72 4C 61 73 74 4E 61 6D 65 5F 10 0F 44 6F 75 67 6C 61 73 20 42 72 61 6E 6E 6F 6E 57 44 6F 75 67 6C 61 73 57 42 72 61 6E 6E 6F 6E 00 08 00 1B 00 22 00 38 00 42 00 4B 00 54 00 5C 00 71 00 76 00 7F 00 82 00 85 00 A9 00 B2 00 B9 00 C2 00 D0 00 D7 00 E2 00 F8 00 FE 01 04 01 D3 01 DE 01 F6 01 FF 02 01 02 28 02 2F 02 47 02 5D 02 72 02 84 02 8C 00 00 00 00 00 00 02 01 00 00 00 00 00 00 00 23 00 00 00 00 00 00 00 00 00 00 00 00 00 00 02 94 
2:073  0:000   Adding Key: intel-backlight-level: Size = 4, Data: 93 01 00 00 
2:073  0:000   Adding Key: security-mode: String: Size = 4, Val = 'none'
2:073  0:000  === [ InitTheme ] =========================================
2:073  0:000  GlobalConfig: theme.plist not found, get random theme metal
2:077  0:004  Using theme 'metal' (EFI\CLOVER\themes\metal)
2:081  0:004  Loading font from ThemeDir: Success
2:082  0:000  Choosing theme metal
2:082  0:000  after NVRAM boot-args=-v slide=0 dart=0 kext-dev-mode=1
2:082  0:000  === [ Dump SMC keys from NVRAM ] ==========================
2:082  0:000  found AppleSMC protocol
2:082  0:000  === [ ScanLoader ] ========================================
2:082  0:000  - [02]: 'EFI'
2:082  0:000  - [03]: ''
2:119  0:036  - [04]: 'HardDrive'
2:125  0:005          AddLoaderEntry for Volume Name=HardDrive
2:132  0:007      hibernated: set as never
2:136  0:004  - [05]: 'Recovery HD'
2:137  0:000          AddLoaderEntry for Volume Name=Recovery HD
2:141  0:004  Scanning legacy ...
2:141  0:000   3: '' (vista,win) add legacy
2:142  0:000          [!] Icon 18 (icons\vol_internal_ntfs.icns) not found (path: EFI\CLOVER\themes\metal)
2:142  0:000   added 'Boot Windows from ' OSType=2 Icon=vista,win
2:142  0:000  === [ AddCustomTool ] =====================================
2:143  0:000  found tool \EFI\CLOVER\tools\Shell64U.efi
2:143  0:000  Checking EFI partition Volume 2 for Clover
2:143  0:000   Found Clover
2:145  0:002  === [ GetEfiBootDeviceFromNvram ] =========================
2:145  0:000   - efi-boot-device-data: PcieRoot(0x0)\Pci(0x1F,0x2)\Sata(0x0,0x0,0x0)\HD(3,GPT,074B2952-3D87-452A-96AF-BBC8ABE50E83,0xDFE6000,0xDDCC0B8)
2:146  0:000    - Volume: 'PcieRoot(0x0)\Pci(0x1F,0x2)\Sata(0x0,0x0,0x0)\HD(3,GPT,074B2952-3D87-452A-96AF-BBC8ABE50E83,0xDFE6000,0xDDCC0B8)'
2:146  0:000    - LoaderPath: '<null string>'
2:146  0:000    - Guid = 074B2952-3D87-452A-96AF-BBC8ABE50E83
2:146  0:000  === [ FindStartupDiskVolume ] =============================
2:146  0:000    - Volume: partition = PcieRoot(0x0)\Pci(0x1F,0x2)\Sata(0x0,0x0,0x0)\HD(3,GPT,074B2952-3D87-452A-96AF-BBC8ABE50E83,0xDFE6000,0xDDCC0B8)
2:146  0:000     - searching for that partition
2:146  0:000      - found entry 0. 'Boot macOS from HardDrive', Volume 'HardDrive'
2:146  0:000  Boot redirected to Entry 0. 'Boot macOS from HardDrive'
2:146  0:000  DefaultIndex=0 and MainMenu.EntryCount=9
2:584  0:438  GUI ready
7:356  4:771  Found BIOS RSDP at FE300
7:356  0:000  Saving ACPI tables from RSDP FE300 to EFI\CLOVER\ACPI\origin ...
7:356  0:000   FE300: 'RSD PTR ', Rev: 2 (Acpi 2.0 or newer), Len: 36 -> RSDP.aml
7:375  0:018    (Xsdt: CAFFDE18, Rsdt: CAFFDF18)
7:375  0:000    CAFFDE18: 'XSDT', 'CBX3', Rev: 1, Len: 124 -> XSDT.aml
7:386  0:011    CAFFDF18: 'RSDT', 'CBX3', Rev: 1, Len: 84 -> RSDT.aml
7:403  0:016    Tables in Xsdt: 11
7:403  0:000    0. CAF87D98: 'FACP', 'CBX3', Rev: 4, Len: 244 -> FACP.aml
7:417  0:014        (Dsdt: CAF55018, Facs: CAFE4E40, XDsdt: CAF55018, XFacs: CAFE4D40)
7:417  0:000        CAF55018: 'DSDT', 'SYSFexxx', Rev: 2, Len: 33948 -> DSDT.aml
7:437  0:019        CAFE4D40: 'FACS', Ver: 1, Len: 64 -> FACS.aml
7:453  0:016    1. CAFFCF18: 'APIC', 'CBX3', Rev: 2, Len: 204 -> APIC.aml
7:465  0:012    2. CAFE5D18: 'TCPA', '', Rev: 2, Len: 50 -> TCPA.aml
7:494  0:029    3. CAF88A98: 'SSDT', 'TPM', Rev: 1, Len: 761 -> SSDT-0-TPM.aml
7:506  0:012    4. CAFE5C98: 'MCFG', 'SNDYBRDG', Rev: 1, Len: 60 -> MCFG.aml
7:523  0:016    5. CAFE5C18: 'HPET', ' PCHHPET', Rev: 1, Len: 56 -> HPET.aml
7:534  0:011    6. CAFE5B98: 'BOOT', 'CBX3', Rev: 1, Len: 40 -> BOOT.aml
7:546  0:011    7. CAF6C018: 'SSDT', 'Cpu0Ist', Rev: 1, Len: 2052 -> SSDT-1-Cpu0Ist.aml
7:565  0:019    8. CAF6B018: 'SSDT', 'CpuPm', Rev: 1, Len: 2454
 Found hidden SSDT 4 pcs
7:565  0:000        * C7F0B018: 'D	', '', Rev: 0, Len: 23117  44 09 00 10 4D 5A 00 00 00 00 00 00 00 00 00 00       * CADD8A98: 'SSDT', 'ApIst', Rev: 1, Len: 771  53 53 44 54 03 03 00 00 01 8E 50 6D 52 65 66 00 Internal length = 771 -> SSDT-x2_0-ApIst.aml
7:583  0:017        * CADD7798: 'SSDT', 'Cpu0Cst', Rev: 1, Len: 1831  53 53 44 54 27 07 00 00 01 7D 50 6D 52 65 66 00 Internal length = 1831 -> SSDT-x2_1-Cpu0Cst.aml
7:595  0:012        * CADD6D98: 'SSDT', 'ApCst', Rev: 1, Len: 281  53 53 44 54 19 01 00 00 01 04 50 6D 52 65 66 00 Internal length = 281 -> SSDT-x2_2-ApCst.aml
7:613  0:017   -> SSDT-2-CpuPm.aml
7:626  0:013    9. CAF87C18: 'DMAR', 'SNB', Rev: 1, Len: 232 -> DMAR.aml
7:641  0:015    10. CAF75C18: 'SLIC', 'CBX3', Rev: 3, Len: 374 -> SLIC.aml
7:660  0:018    Tables in Rsdt: 12
7:660  0:000    0. CAFE4B18: 'FACP', 'CBX3', Rev: 2, Len: 132 -> RSDT-FACP.aml
7:673  0:013        (Dsdt: CAF55018, Facs: CAFE4E40)
7:673  0:000        CAF55018: 'DSDT', 'SYSFexxx', Rev: 2, Len: 33948
7:674  0:000        CAFE4E40: 'FACS', Ver: 0, Len: 64 -> RSDT-FACS.aml
7:687  0:013    1. CAFFCF18: 'APIC', 'CBX3', Rev: 2, Len: 204
7:687  0:000    2. CAF87F18: 'ASF!', ' HCG', Rev: 32, Len: 165 -> RSDT-ASF!.aml
7:701  0:013    3. CAFE5D18: 'TCPA', '', Rev: 2, Len: 50
7:701  0:000    4. CAF88A98: 'SSDT', 'TPM', Rev: 1, Len: 761
7:701  0:000    5. CAFE5C98: 'MCFG', 'SNDYBRDG', Rev: 1, Len: 60
7:701  0:000    6. CAFE5C18: 'HPET', ' PCHHPET', Rev: 1, Len: 56
7:701  0:000    7. CAFE5B98: 'BOOT', 'CBX3', Rev: 1, Len: 40
7:701  0:000    8. CAF6C018: 'SSDT', 'Cpu0Ist', Rev: 1, Len: 2052
7:701  0:000    9. CAF6B018: 'SSDT', 'CpuPm', Rev: 1, Len: 2454
7:701  0:000    10. CAF87C18: 'DMAR', 'SNB', Rev: 1, Len: 232
7:701  0:000    11. CAF75C18: 'SLIC', 'CBX3', Rev: 3, Len: 374
7:701  0:000  Found UEFI Acpi 2.0 RSDP at 1FEEA000
7:701  0:000  Printing ACPI tables from RSDP 1FEEA000 ...
7:701  0:000   1FEEA000: 'RSD PTR ', Rev: 2 (Acpi 2.0 or newer), Len: 36
7:701  0:000    (Xsdt: CAFFDE18, Rsdt: CAFFDF18)
7:701  0:000    CAFFDE18: 'XSDT', 'CBX3', Rev: 1, Len: 124
7:701  0:000    CAFFDF18: 'RSDT', 'CBX3', Rev: 1, Len: 84
7:701  0:000    Tables in Xsdt: 11
7:701  0:000    0. CAF87D98: 'FACP', 'CBX3', Rev: 4, Len: 244
7:701  0:000        (Dsdt: CAF55018, Facs: CAFE4E40, XDsdt: CAF55018, XFacs: CAFE4D40)
7:701  0:000        CAF55018: 'DSDT', 'SYSFexxx', Rev: 2, Len: 33948
7:702  0:000        CAFE4D40: 'FACS', Ver: 1, Len: 64
7:702  0:000    1. CAFFCF18: 'APIC', 'CBX3', Rev: 2, Len: 204
7:702  0:000    2. CAFE5D18: 'TCPA', '', Rev: 2, Len: 50
7:702  0:000    3. CAF88A98: 'SSDT', 'TPM', Rev: 1, Len: 761
7:702  0:000    4. CAFE5C98: 'MCFG', 'SNDYBRDG', Rev: 1, Len: 60
7:702  0:000    5. CAFE5C18: 'HPET', ' PCHHPET', Rev: 1, Len: 56
7:702  0:000    6. CAFE5B98: 'BOOT', 'CBX3', Rev: 1, Len: 40
7:702  0:000    7. CAF6C018: 'SSDT', 'Cpu0Ist', Rev: 1, Len: 2052
7:702  0:000    8. CAF6B018: 'SSDT', 'CpuPm', Rev: 1, Len: 2454
7:702  0:000    9. CAF87C18: 'DMAR', 'SNB', Rev: 1, Len: 232
7:702  0:000    10. CAF75C18: 'SLIC', 'CBX3', Rev: 3, Len: 374
7:702  0:000    Tables in Rsdt: 12
7:702  0:000    0. CAFE4B18: 'FACP', 'CBX3', Rev: 2, Len: 132
7:702  0:000        (Dsdt: CAF55018, Facs: CAFE4E40)
7:702  0:000        CAF55018: 'DSDT', 'SYSFexxx', Rev: 2, Len: 33948
7:703  0:000        CAFE4E40: 'FACS', Ver: 0, Len: 64
7:703  0:000    1. CAFFCF18: 'APIC', 'CBX3', Rev: 2, Len: 204
7:703  0:000    2. CAF87F18: 'ASF!', ' HCG', Rev: 32, Len: 165
7:703  0:000    3. CAFE5D18: 'TCPA', '', Rev: 2, Len: 50
7:703  0:000    4. CAF88A98: 'SSDT', 'TPM', Rev: 1, Len: 761
7:703  0:000    5. CAFE5C98: 'MCFG', 'SNDYBRDG', Rev: 1, Len: 60
7:703  0:000    6. CAFE5C18: 'HPET', ' PCHHPET', Rev: 1, Len: 56
7:703  0:000    7. CAFE5B98: 'BOOT', 'CBX3', Rev: 1, Len: 40
7:703  0:000    8. CAF6C018: 'SSDT', 'Cpu0Ist', Rev: 1, Len: 2052
7:703  0:000    9. CAF6B018: 'SSDT', 'CpuPm', Rev: 1, Len: 2454
7:703  0:000    10. CAF87C18: 'DMAR', 'SNB', Rev: 1, Len: 232
7:703  0:000    11. CAF75C18: 'SLIC', 'CBX3', Rev: 3, Len: 374
208:282  200:579  BootVariable of the entry is empty
208:282  0:000  === [ StartLoader ] =======================================
208:282  0:000  Finally: ExternalClock=24MHz BusSpeed=99773kHz CPUFreq=2494MHz PIS: hw.busfrequency=96000000Hz
208:282  0:000  Loading boot.efi  status=Success
208:392  0:109  GetOSVersion: 10.11.6 (15G1011)
208:392  0:000  CSR_CFG: CSR_ALLOW_UNTRUSTED_KEXTS | CSR_ALLOW_UNRESTRICTED_FS | CSR_ALLOW_TASK_FOR_PID | CSR_ALLOW_UNRESTRICTED_DTRACE | CSR_ALLOW_UNRESTRICTED_NVRAM
208:392  0:000  Filtering KextPatches:
208:392  0:000   - [00]: IOAHCIBlockStorage (Enable TRIM for SSD) :: BinPatch :: [OS: 10.11.6 | MatchOS: All | MatchBuild: All] ==> allowed
208:392  0:000   - [01]: AppleHDA (AppleHDA IDT #3) :: BinPatch :: [OS: 10.11.6 | MatchOS: All | MatchBuild: All] ==> allowed
208:392  0:000   - [02]: AppleIntelSNBGraphicsFB (10.10-SNB-Port _0x5-DP2HDMI) :: BinPatch :: [OS: 10.11.6 | MatchOS: All | MatchBuild: All] ==> allowed
208:392  0:000   - [03]: IOGraphicsFamily (Boot Graphics Glitch - 10.11) :: BinPatch :: [OS: 10.11.6 | MatchOS: All | MatchBuild: All] ==> allowed
208:392  0:000   - [04]: AppleHDA (AppleHDA IDT #2) :: BinPatch :: [OS: 10.11.6 | MatchOS: All | MatchBuild: All] ==> allowed
208:392  0:000   - [05]: AppleHDA (AppleHDA IDT #1) :: BinPatch :: [OS: 10.11.6 | MatchOS: All | MatchBuild: All] ==> allowed
208:392  0:000  Will not patch boot.efi
208:392  0:000  === [ PatchSmbios ] =======================================
208:392  0:000  insert table 9 for dev 19:0
208:392  0:000  insert table 9 for dev 0:0
208:394  0:001  Trusting SMBIOS...
208:394  0:000  Detected alternating SMBIOS channel banks
208:394  0:000  Channels: 2
208:394  0:000  Interleave: 0 2 1 3 4 6 5 7 8 10 9 11 12 14 13 15 16 18 17 19 20 22 21 23
208:394  0:000   partNum=HMT351S6EFR8A-PB  
208:394  0:000  SMBIOS Type 17 Index = 0 => 0 0:
208:394  0:000  BANK 0 DIMM0 1600MHz 4096MB
208:394  0:000   partNum=M471B5173DB0-YK0  
208:394  0:000  SMBIOS Type 17 Index = 1 => 1 2:
208:394  0:000  BANK 1 DIMM0 1600MHz 4096MB
208:394  0:000  mTotalSystemMemory = 8192
208:394  0:000  NumberOfMemoryDevices = 2
208:394  0:000  Type20[0]->End = 0x3FFFFF, Type17[0] = 0x1000
208:394  0:000  Type20[1]->End = 0x7FFFFF, Type17[1] = 0x3000
208:394  0:000  Table 131 is present, CPUType=35
208:394  0:000  Change to: 603
208:394  0:000  === [ PatchACPI ] =========================================
208:394  0:000  RSDT 0xCAFFDF18
208:394  0:000  FADT from RSDT: 0xCAFE4B18
208:394  0:000  XSDT 0xCAFFDE18
208:394  0:000  FADT from XSDT: 0xCAF87D98
208:394  0:000  Xsdt reallocation done
208:394  0:000  old FADT length=F4
208:394  0:000   SignatureFixup: 0x0 -> 0
208:394  0:000  DSDT found in Clover volume OEM folder: EFI\CLOVER\ACPI\patched\DSDT.aml
208:394  0:000  Apply DsdtFixMask=0x00000000
208:394  0:000     drop _DSM mask=0x0000
208:394  0:000  === [ FixBiosDsdt ] =======================================
208:394  0:000  VideoCard devID=0x1268086
208:394  0:000  DisplayADR1[0] = 0x20000, DisplayADR2[0] = 0xFFFE
208:394  0:000  USBADR[0] = 0x1A0000 and PCIe = 0xFFFE
208:395  0:000  Found Airport BCM at 0x1C0000, 0x0
208:395  0:000  Found Airport BCM at 0x1C0001, 0x0
208:397  0:001  USBADR[1] = 0x1D0000 and PCIe = 0xFFFE
208:397  0:000  Patching DSDT:
208:397  0:000   - [EHC2 to EH02]: pattern 45484332, bin not found / already patched!
208:397  0:000   - [EHC1 to EH01]: pattern 45484331, bin not found / already patched!
208:397  0:000  first CPU found at 3130 offset 3133
208:397  0:000  score candidate at 312C
208:397  0:000  score inserted in acpi_cpu_score _PR_
208:397  0:000  Found ACPI CPU: CPU0 | CPU1 | CPU2 | CPU3 | CPU4 | CPU5 | CPU6 | CPU7 , within the score: _PR_
208:397  0:000  Found PCIROOTUID = 0
208:397  0:000  === [ ACPIDropTables ] ====================================
208:397  0:000  Drop tables from Xsdt, SIGN=DMAR TableID=SNB  Length=232
208:397  0:000   Xsdt has tables count=11
208:397  0:000   Table: DMAR  SNB   232 dropped
208:397  0:000  Drop tables from Xsdt, SIGN=SSDT TableID=CpuPm Length=2454
208:397  0:000   Xsdt has tables count=10
208:397  0:000   Table: SSDT  CpuPm  2454 dropped
208:397  0:000  Drop tables from Xsdt, SIGN=SSDT TableID=Cpu0Ist Length=2052
208:397  0:000   Xsdt has tables count=9
208:397  0:000   Table: SSDT  Cpu0Ist  2052 dropped
208:397  0:000  === [ DropSSDT ] ==========================================
208:397  0:000  Drop tables from Xsdt, SIGN=SSDT TableID= Length=0
208:397  0:000   Xsdt has tables count=8
208:397  0:000   Table: SSDT  TPM  761 dropped
208:397  0:000  === [ ACPIPatchedAML ] ====================================
208:397  0:000  Unsorted
208:397  0:000  Inserting ssdt.aml from EFI\CLOVER\ACPI\patched ... Success
208:397  0:000  CPUBase=0 and ApicCPUBase=1 ApicCPUNum=16
208:397  0:000  Maximum control=0x19
208:397  0:000  Turbo control=0x20
208:397  0:000  P-States: min 0x8, max 0x20
208:397  0:000  === [ RestSetup macOS ] ===================================
208:397  0:000  EdidDiscovered size=128
208:397  0:000  ------- EDID Table
208:397  0:000  000  |  00  FF  FF  FF  FF  FF  FF  00  30  E4
208:397  0:000  010  |  EB  02  00  00  00  00  00  14  01  04
208:397  0:000  020  |  90  1F  11  78  0A  B7  A5  97  58  56
208:397  0:000  030  |  8F  27  1F  50  54  00  00  00  01  01
208:397  0:000  040  |  01  01  01  01  01  01  01  01  01  01
208:397  0:000  050  |  01  01  01  01  58  1B  56  7E  50  00
208:397  0:000  060  |  0E  30  24  30  35  00  35  AE  10  00
208:397  0:000  070  |  00  19  DE  12  56  9E  50  00  18  30
208:397  0:000  080  |  24  30  35  00  35  AE  10  00  00  19
208:397  0:000  090  |  00  00  00  FE  00  4B  4A  32  36  32
208:397  0:000  100  |  80  31  34  30  57  48  34  0A  00  00
208:397  0:000  110  |  00  00  00  00  41  31  94  00  00  00
208:397  0:000  120  |  00  01  01  0A  20  20  00  94
208:397  0:000  Intel HD Graphics 3000 [8086:0126] :: PcieRoot(0x0)\Pci(0x2,0x0)
208:397  0:000    Found Full Wide XGA Display - 16:9 :: Width=1366 Height=768
208:397  0:000    DualLink: set to 0
208:397  0:000    AAPL00,DualLink: not used
208:397  0:000    FakeID Intel GFX: not set
208:397  0:000    snb-platform-id: not set
208:397  0:000    Beginning Intel GFX auto-detection with ACPI injection
208:397  0:000    Found FakeID Intel GFX = 0x01268086
208:397  0:000    Found snb-platform-id = 0x00010000
208:397  0:000  Intel GFX revision  = 0x9
208:397  0:000   detected codec: 111D:76E7
208:400  0:002  stringlength = 3446
208:400  0:000  CurrentMode: Width=1366 Height=768
208:400  0:000  Beginning FSInjection
FSInjectionInstall ...
- Our FSI_SIMPLE_FILE_SYSTEM_PROTOCOL installed on handle: 1F471C98
FSInjectionInstall ...
- Our FSI_SIMPLE_FILE_SYSTEM_PROTOCOL installed on handle: 1F471C98
208:400  0:000  Use origin smbios table type 1 guid.
208:401  0:000  Preparing kexts injection for arch=x86_64 from EFI\CLOVER\kexts\Other
208:401  0:000  Extra kext: EFI\CLOVER\kexts\Other\VoodooPS2Controller.kext
208:407  0:006    |-- PlugIn kext: EFI\CLOVER\kexts\Other\VoodooPS2Controller.kext\Contents\PlugIns\VoodooPS2Trackpad.kext
208:417  0:010    |-- PlugIn kext: EFI\CLOVER\kexts\Other\VoodooPS2Controller.kext\Contents\PlugIns\VoodooPS2Mouse.kext
208:422  0:004    |-- PlugIn kext: EFI\CLOVER\kexts\Other\VoodooPS2Controller.kext\Contents\PlugIns\VoodooPS2Keyboard.kext
208:431  0:008  Extra kext: EFI\CLOVER\kexts\Other\USB_Injector.kext
208:436  0:005  Extra kext: EFI\CLOVER\kexts\Other\IntelBacklight.kext
208:445  0:008  Extra kext: EFI\CLOVER\kexts\Other\FakeSMC.kext
208:459  0:014    |-- PlugIn kext: EFI\CLOVER\kexts\Other\FakeSMC.kext\Contents\PlugIns\LPCSensors.kext
208:659  0:199    |-- PlugIn kext: EFI\CLOVER\kexts\Other\FakeSMC.kext\Contents\PlugIns\GPUSensors.kext
208:668  0:009    |-- PlugIn kext: EFI\CLOVER\kexts\Other\FakeSMC.kext\Contents\PlugIns\CPUSensors.kext
208:675  0:006    |-- PlugIn kext: EFI\CLOVER\kexts\Other\FakeSMC.kext\Contents\PlugIns\ACPISensors.kext
208:687  0:012  Extra kext: EFI\CLOVER\kexts\Other\AppleIntelE1000e.kext
208:695  0:008  Extra kext: EFI\CLOVER\kexts\Other\ACPIBatteryManager.kext
208:705  0:009  Preparing kexts injection for arch=x86_64 from EFI\CLOVER\kexts\10.11
208:707  0:001  Custom boot screen not used because entry has unset use graphics
208:707  0:000  Closing log
